<?xml version="1.0" encoding="UTF-8"?>
<!-- Generated by org.testng.reporters.JUnitReportReporter -->
<testsuite skipped="0" hostname="LAPTOP-MCL9OSKJ" name="TestPackage.testLoginPage" tests="3" failures="0" timestamp="2020-06-03T16:15:43 MSK" time="6.401" errors="0">
  <testcase name="loginTest" time="6.242" classname="TestPackage.testLoginPage"/>
  <system-out/>
  <testcase name="closePopup" time="0.102" classname="TestPackage.testLoginPage"/>
  <system-out/>
  <testcase name="checkProfile" time="0.057" classname="TestPackage.testLoginPage"/>
  <system-out/>
</testsuite> <!-- TestPackage.testLoginPage -->
